<?xml version="1.0" encoding="utf-8"?>
<test-run id="2" name="Delegates.PairsAnalysis.exe" fullname="C:/Users/Александр/Desktop/Дистант/проектирование c#/Delegates.PairsAnalysis.csproj/bin/Debug/Delegates.PairsAnalysis.exe" testcasecount="12" result="Passed" start-time="2021-10-31 18:52:54Z" end-time="2021-10-31 18:52:55Z" duration="0.544483" total="12" passed="12" failed="0" inconclusive="0" skipped="0" asserts="12" random-seed="97700097">
  <command-line><![CDATA["C:\Users\Александр\Desktop\Дистант\проектирование c#\Delegates.PairsAnalysis.csproj\bin\Debug\Delegates.PairsAnalysis.exe"]]></command-line>
  <filter />
  <test-suite type="Assembly" id="1015" name="Delegates.PairsAnalysis.exe" fullname="C:/Users/Александр/Desktop/Дистант/проектирование c#/Delegates.PairsAnalysis.csproj/bin/Debug/Delegates.PairsAnalysis.exe" runstate="Runnable" testcasecount="12" result="Passed" start-time="2021-10-31 18:52:54Z" end-time="2021-10-31 18:52:55Z" duration="0.544483" total="12" passed="12" failed="0" warnings="0" inconclusive="0" skipped="0" asserts="12">
    <environment framework-version="3.6.0.0" clr-version="4.0.30319.42000" os-version="Microsoft Windows NT 6.2.9200.0" platform="Win32NT" cwd="C:\Users\Александр\Desktop\Дистант\проектирование c#\Delegates.PairsAnalysis.csproj\bin\Debug" machine-name="MSI" user="Александр" user-domain="MSI" culture="ru-RU" uiculture="ru-RU" os-architecture="x86" />
    <settings>
      <setting name="WorkDirectory" value="C:\Users\Александр\Desktop\Дистант\проектирование c#\Delegates.PairsAnalysis.csproj\bin\Debug" />
      <setting name="NumberOfTestWorkers" value="12" />
    </settings>
    <properties>
      <property name="_PID" value="16396" />
      <property name="_APPDOMAIN" value="Delegates.PairsAnalysis.exe" />
    </properties>
    <test-suite type="TestSuite" id="1016" name="Delegates" fullname="Delegates" runstate="Runnable" testcasecount="12" result="Passed" start-time="2021-10-31 18:52:54Z" end-time="2021-10-31 18:52:55Z" duration="0.513356" total="12" passed="12" failed="0" warnings="0" inconclusive="0" skipped="0" asserts="12">
      <test-suite type="TestSuite" id="1017" name="PairsAnalysis" fullname="Delegates.PairsAnalysis" runstate="Runnable" testcasecount="12" result="Passed" start-time="2021-10-31 18:52:54Z" end-time="2021-10-31 18:52:55Z" duration="0.481687" total="12" passed="12" failed="0" warnings="0" inconclusive="0" skipped="0" asserts="12">
        <test-suite type="TestFixture" id="1000" name="Analysis_should" fullname="Delegates.PairsAnalysis.Analysis_should" classname="Delegates.PairsAnalysis.Analysis_should" runstate="Runnable" testcasecount="12" result="Passed" start-time="2021-10-31 18:52:54Z" end-time="2021-10-31 18:52:55Z" duration="0.450797" total="12" passed="12" failed="0" warnings="0" inconclusive="0" skipped="0" asserts="12">
          <test-suite type="ParameterizedMethod" id="1012" name="FindAverageRelativeDifference_ProcessDoublesCorrectly" fullname="Delegates.PairsAnalysis.Analysis_should.FindAverageRelativeDifference_ProcessDoublesCorrectly" classname="Delegates.PairsAnalysis.Analysis_should" runstate="Runnable" testcasecount="5" result="Passed" start-time="2021-10-31 18:52:54Z" end-time="2021-10-31 18:52:54Z" duration="0.156921" total="5" passed="5" failed="0" warnings="0" inconclusive="0" skipped="0" asserts="5">
            <test-case id="1007" name="FindAverageRelativeDifference_ProcessDoublesCorrectly(0.0d,System.Double[])" fullname="Delegates.PairsAnalysis.Analysis_should.FindAverageRelativeDifference_ProcessDoublesCorrectly(0.0d,System.Double[])" methodname="FindAverageRelativeDifference_ProcessDoublesCorrectly" classname="Delegates.PairsAnalysis.Analysis_should" runstate="Runnable" seed="483320453" result="Passed" start-time="2021-10-31 18:52:54Z" end-time="2021-10-31 18:52:54Z" duration="0.010589" asserts="1" />
            <test-case id="1008" name="FindAverageRelativeDifference_ProcessDoublesCorrectly(1.0d,System.Double[])" fullname="Delegates.PairsAnalysis.Analysis_should.FindAverageRelativeDifference_ProcessDoublesCorrectly(1.0d,System.Double[])" methodname="FindAverageRelativeDifference_ProcessDoublesCorrectly" classname="Delegates.PairsAnalysis.Analysis_should" runstate="Runnable" seed="750465505" result="Passed" start-time="2021-10-31 18:52:54Z" end-time="2021-10-31 18:52:54Z" duration="0.000114" asserts="1" />
            <test-case id="1009" name="FindAverageRelativeDifference_ProcessDoublesCorrectly(-1.0d,System.Double[])" fullname="Delegates.PairsAnalysis.Analysis_should.FindAverageRelativeDifference_ProcessDoublesCorrectly(-1.0d,System.Double[])" methodname="FindAverageRelativeDifference_ProcessDoublesCorrectly" classname="Delegates.PairsAnalysis.Analysis_should" runstate="Runnable" seed="1580694824" result="Passed" start-time="2021-10-31 18:52:54Z" end-time="2021-10-31 18:52:54Z" duration="0.000150" asserts="1" />
            <test-case id="1010" name="FindAverageRelativeDifference_ProcessDoublesCorrectly(0.1d,System.Double[])" fullname="Delegates.PairsAnalysis.Analysis_should.FindAverageRelativeDifference_ProcessDoublesCorrectly(0.1d,System.Double[])" methodname="FindAverageRelativeDifference_ProcessDoublesCorrectly" classname="Delegates.PairsAnalysis.Analysis_should" runstate="Runnable" seed="907203104" result="Passed" start-time="2021-10-31 18:52:54Z" end-time="2021-10-31 18:52:54Z" duration="0.000272" asserts="1" />
            <test-case id="1011" name="FindAverageRelativeDifference_ProcessDoublesCorrectly(1.5d,System.Double[])" fullname="Delegates.PairsAnalysis.Analysis_should.FindAverageRelativeDifference_ProcessDoublesCorrectly(1.5d,System.Double[])" methodname="FindAverageRelativeDifference_ProcessDoublesCorrectly" classname="Delegates.PairsAnalysis.Analysis_should" runstate="Runnable" seed="1034547622" result="Passed" start-time="2021-10-31 18:52:54Z" end-time="2021-10-31 18:52:54Z" duration="0.000088" asserts="1" />
          </test-suite>
          <test-case id="1013" name="FindAverageRelativeDifference_ThrowsAtEmptyCollection" fullname="Delegates.PairsAnalysis.Analysis_should.FindAverageRelativeDifference_ThrowsAtEmptyCollection" methodname="FindAverageRelativeDifference_ThrowsAtEmptyCollection" classname="Delegates.PairsAnalysis.Analysis_should" runstate="Runnable" seed="692878552" result="Passed" start-time="2021-10-31 18:52:54Z" end-time="2021-10-31 18:52:54Z" duration="0.009097" asserts="1" />
          <test-case id="1014" name="FindAverageRelativeDifference_ThrowsAtOneElementCollection" fullname="Delegates.PairsAnalysis.Analysis_should.FindAverageRelativeDifference_ThrowsAtOneElementCollection" methodname="FindAverageRelativeDifference_ThrowsAtOneElementCollection" classname="Delegates.PairsAnalysis.Analysis_should" runstate="Runnable" seed="201780209" result="Passed" start-time="2021-10-31 18:52:54Z" end-time="2021-10-31 18:52:54Z" duration="0.000359" asserts="1" />
          <test-suite type="ParameterizedMethod" id="1004" name="FindMaxPeriodIndex_ProcessDatesCorrectly" fullname="Delegates.PairsAnalysis.Analysis_should.FindMaxPeriodIndex_ProcessDatesCorrectly" classname="Delegates.PairsAnalysis.Analysis_should" runstate="Runnable" testcasecount="3" result="Passed" start-time="2021-10-31 18:52:55Z" end-time="2021-10-31 18:52:55Z" duration="0.109319" total="3" passed="3" failed="0" warnings="0" inconclusive="0" skipped="0" asserts="3">
            <test-case id="1001" name="FindMaxPeriodIndex_ProcessDatesCorrectly(0,System.String[])" fullname="Delegates.PairsAnalysis.Analysis_should.FindMaxPeriodIndex_ProcessDatesCorrectly(0,System.String[])" methodname="FindMaxPeriodIndex_ProcessDatesCorrectly" classname="Delegates.PairsAnalysis.Analysis_should" runstate="Runnable" seed="376908411" result="Passed" start-time="2021-10-31 18:52:55Z" end-time="2021-10-31 18:52:55Z" duration="0.016885" asserts="1" />
            <test-case id="1002" name="FindMaxPeriodIndex_ProcessDatesCorrectly(2,System.String[])" fullname="Delegates.PairsAnalysis.Analysis_should.FindMaxPeriodIndex_ProcessDatesCorrectly(2,System.String[])" methodname="FindMaxPeriodIndex_ProcessDatesCorrectly" classname="Delegates.PairsAnalysis.Analysis_should" runstate="Runnable" seed="137985089" result="Passed" start-time="2021-10-31 18:52:55Z" end-time="2021-10-31 18:52:55Z" duration="0.003465" asserts="1" />
            <test-case id="1003" name="FindMaxPeriodIndex_ProcessDatesCorrectly(4,System.String[])" fullname="Delegates.PairsAnalysis.Analysis_should.FindMaxPeriodIndex_ProcessDatesCorrectly(4,System.String[])" methodname="FindMaxPeriodIndex_ProcessDatesCorrectly" classname="Delegates.PairsAnalysis.Analysis_should" runstate="Runnable" seed="1987562434" result="Passed" start-time="2021-10-31 18:52:55Z" end-time="2021-10-31 18:52:55Z" duration="0.000150" asserts="1" />
          </test-suite>
          <test-case id="1005" name="FindMaxPeriodIndex_ThrowsAtEmptyCollection" fullname="Delegates.PairsAnalysis.Analysis_should.FindMaxPeriodIndex_ThrowsAtEmptyCollection" methodname="FindMaxPeriodIndex_ThrowsAtEmptyCollection" classname="Delegates.PairsAnalysis.Analysis_should" runstate="Runnable" seed="1397850275" result="Passed" start-time="2021-10-31 18:52:55Z" end-time="2021-10-31 18:52:55Z" duration="0.000629" asserts="1" />
          <test-case id="1006" name="FindMaxPeriodIndex_ThrowsAtOneElementCollection" fullname="Delegates.PairsAnalysis.Analysis_should.FindMaxPeriodIndex_ThrowsAtOneElementCollection" methodname="FindMaxPeriodIndex_ThrowsAtOneElementCollection" classname="Delegates.PairsAnalysis.Analysis_should" runstate="Runnable" seed="1798240661" result="Passed" start-time="2021-10-31 18:52:55Z" end-time="2021-10-31 18:52:55Z" duration="0.000563" asserts="1" />
        </test-suite>
      </test-suite>
    </test-suite>
  </test-suite>
</test-run>